----------------------------------------
PBS: Begin PBS Prologue Sat May 12 21:53:24 CDT 2018 1526180004
PBS: Job ID:		171661.qsched03.quest.it.northwestern.edu
PBS: Username:		syr904
PBS: Group:		syr904
PBS: Executing queue:     ligo
PBS: Job name:		nskickgrid
PBS: Account:		b1011
----------------------------------------
   The following variables are not
   guaranteed to be the same in 
   prologue and the job run script  
----------------------------------------
PBS: Temporary Dir($TMPDIR):	/tmp/171661.qsched03.quest.it.northwestern.edu
PBS: Master Node($PBS_MSHOST):		qnode6115
PBS: node file($PBS_NODEFILE):  /hpc/opt/torque6/nodes/qnode6115/aux//171661.qsched03.quest.it.northwestern.edu
PBS: PATH (in prologue) : /bin:/usr/bin
PBS: WORKDIR ($PBS_O_WORKDIR) is:  /projects/b1011/syr904/MyCodes/PythonCode
----------------------------------------
PBS: End PBS Prologue Sat May 12 21:53:24 CDT 2018 1526180004
----------------------------------------
PBS job ended
Begin PBS Epilogue Tue May 15 20:53:49 CDT 2018 1526435629
JobID: 171661.qsched03.quest.it.northwestern.edu
Session ID:			22419
Resources Used:			cput=69:30:20,vmem=1923404kb,walltime=71:00:15,mem=134904kb,energy_used=0
Job exit value:			-11
----------------------------------------
----------------------------------------
PBS: Begin PBS Prologue Wed May 23 17:18:41 CDT 2018 1527113921
PBS: Job ID:		280980.qsched03.quest.it.northwestern.edu
PBS: Username:		syr904
PBS: Group:		syr904
PBS: Executing queue:     ligo
PBS: Job name:		nskickgrid
PBS: Account:		b1011
----------------------------------------
   The following variables are not
   guaranteed to be the same in 
   prologue and the job run script  
----------------------------------------
PBS: Temporary Dir($TMPDIR):	/tmp/280980.qsched03.quest.it.northwestern.edu
PBS: Master Node($PBS_MSHOST):		qnode5227
PBS: node file($PBS_NODEFILE):  /hpc/opt/torque6/nodes/qnode5227/aux//280980.qsched03.quest.it.northwestern.edu
PBS: PATH (in prologue) : /bin:/usr/bin
PBS: WORKDIR ($PBS_O_WORKDIR) is:  /projects/b1011/syr904/MyCodes/PythonCode
----------------------------------------
PBS: End PBS Prologue Wed May 23 17:18:41 CDT 2018 1527113921
893
892
891
890
889
888
887
886
885
884
883
882
881
880
879
878
877
876
875
874
873
872
871
870
869
868
867
866
865
864
863
862
861
860
859
858
857
856
855
854
853
852
851
850
849
848
847
846
845
844
843
842
841
840
839
838
837
836
835
834
833
832
831
830
829
828
827
826
825
824
823
822
821
820
819
818
817
816
815
----------------------------------------
PBS job ended
Begin PBS Epilogue Wed May 23 17:19:22 CDT 2018 1527113962
JobID: 280980.qsched03.quest.it.northwestern.edu
Session ID:			26614
Resources Used:			cput=00:00:22,vmem=4031300kb,walltime=00:00:31,mem=2235076kb,energy_used=0
Job exit value:			1
----------------------------------------
----------------------------------------
PBS: Begin PBS Prologue Wed May 23 18:25:02 CDT 2018 1527117902
PBS: Job ID:		281917.qsched03.quest.it.northwestern.edu
PBS: Username:		syr904
PBS: Group:		syr904
PBS: Executing queue:     ligo
PBS: Job name:		nskickgrid
PBS: Account:		b1011
----------------------------------------
   The following variables are not
   guaranteed to be the same in 
   prologue and the job run script  
----------------------------------------
PBS: Temporary Dir($TMPDIR):	/tmp/281917.qsched03.quest.it.northwestern.edu
PBS: Master Node($PBS_MSHOST):		qnode5227
PBS: node file($PBS_NODEFILE):  /hpc/opt/torque6/nodes/qnode5227/aux//281917.qsched03.quest.it.northwestern.edu
PBS: PATH (in prologue) : /bin:/usr/bin
PBS: WORKDIR ($PBS_O_WORKDIR) is:  /projects/b1011/syr904/MyCodes/PythonCode
----------------------------------------
PBS: End PBS Prologue Wed May 23 18:25:02 CDT 2018 1527117903
893
892
891
890
889
888
887
886
885
884
883
882
881
880
879
878
877
876
875
874
873
872
871
870
869
868
867
866
865
864
863
862
861
860
859
858
857
856
855
854
853
852
851
850
849
848
847
846
845
844
843
842
841
840
839
838
837
836
835
834
833
832
831
830
829
828
827
826
825
824
823
822
821
820
819
818
817
816
815
----------------------------------------
PBS job ended
Begin PBS Epilogue Wed May 23 18:25:42 CDT 2018 1527117942
JobID: 281917.qsched03.quest.it.northwestern.edu
Session ID:			28772
Resources Used:			cput=00:00:29,vmem=1864176kb,walltime=00:00:30,mem=103652kb,energy_used=0
Job exit value:			1
----------------------------------------
----------------------------------------
PBS: Begin PBS Prologue Wed May 23 19:19:06 CDT 2018 1527121146
PBS: Job ID:		282148.qsched03.quest.it.northwestern.edu
PBS: Username:		syr904
PBS: Group:		syr904
PBS: Executing queue:     ligo
PBS: Job name:		nskickgrid
PBS: Account:		b1011
----------------------------------------
   The following variables are not
   guaranteed to be the same in 
   prologue and the job run script  
----------------------------------------
PBS: Temporary Dir($TMPDIR):	/tmp/282148.qsched03.quest.it.northwestern.edu
PBS: Master Node($PBS_MSHOST):		qnode5227
PBS: node file($PBS_NODEFILE):  /hpc/opt/torque6/nodes/qnode5227/aux//282148.qsched03.quest.it.northwestern.edu
PBS: PATH (in prologue) : /bin:/usr/bin
PBS: WORKDIR ($PBS_O_WORKDIR) is:  /projects/b1011/syr904/MyCodes/PythonCode
----------------------------------------
PBS: End PBS Prologue Wed May 23 19:19:06 CDT 2018 1527121146
893
892
891
890
889
888
887
886
885
884
883
882
881
880
879
878
877
876
875
874
873
872
871
870
869
868
867
866
865
864
863
862
861
860
859
858
857
856
855
854
853
852
851
850
849
848
847
846
845
844
843
842
841
840
839
838
837
836
835
834
833
832
831
830
829
828
827
826
825
824
823
822
821
820
819
818
817
816
815
----------------------------------------
PBS job ended
Begin PBS Epilogue Wed May 23 19:19:46 CDT 2018 1527121186
JobID: 282148.qsched03.quest.it.northwestern.edu
Session ID:			30411
Resources Used:			cput=00:00:30,vmem=0kb,walltime=00:00:30,mem=0kb,energy_used=0
Job exit value:			1
----------------------------------------
----------------------------------------
PBS: Begin PBS Prologue Wed May 23 21:37:48 CDT 2018 1527129468
PBS: Job ID:		282844.qsched03.quest.it.northwestern.edu
PBS: Username:		syr904
PBS: Group:		syr904
PBS: Executing queue:     ligo
PBS: Job name:		nskickgrid
PBS: Account:		b1011
----------------------------------------
   The following variables are not
   guaranteed to be the same in 
   prologue and the job run script  
----------------------------------------
PBS: Temporary Dir($TMPDIR):	/tmp/282844.qsched03.quest.it.northwestern.edu
PBS: Master Node($PBS_MSHOST):		qnode5227
PBS: node file($PBS_NODEFILE):  /hpc/opt/torque6/nodes/qnode5227/aux//282844.qsched03.quest.it.northwestern.edu
PBS: PATH (in prologue) : /bin:/usr/bin
PBS: WORKDIR ($PBS_O_WORKDIR) is:  /projects/b1011/syr904/MyCodes/PythonCode
----------------------------------------
PBS: End PBS Prologue Wed May 23 21:37:48 CDT 2018 1527129468
893
892
891
890
889
888
887
886
885
884
883
882
881
880
879
878
877
876
875
874
873
872
871
870
869
868
867
866
865
864
863
862
861
860
859
858
857
856
855
854
853
852
851
850
849
848
847
846
845
844
843
842
841
840
839
838
837
836
835
834
833
832
831
830
829
828
827
826
825
824
823
822
821
820
819
818
817
816
815
----------------------------------------
PBS job ended
Begin PBS Epilogue Wed May 23 21:38:30 CDT 2018 1527129510
JobID: 282844.qsched03.quest.it.northwestern.edu
Session ID:			4084
Resources Used:			cput=00:00:33,vmem=3750272kb,walltime=00:00:33,mem=1951520kb,energy_used=0
Job exit value:			1
----------------------------------------
----------------------------------------
PBS: Begin PBS Prologue Wed May 23 22:16:03 CDT 2018 1527131763
PBS: Job ID:		283121.qsched03.quest.it.northwestern.edu
PBS: Username:		syr904
PBS: Group:		syr904
PBS: Executing queue:     ligo
PBS: Job name:		nskickgrid
PBS: Account:		b1011
----------------------------------------
   The following variables are not
   guaranteed to be the same in 
   prologue and the job run script  
----------------------------------------
PBS: Temporary Dir($TMPDIR):	/tmp/283121.qsched03.quest.it.northwestern.edu
PBS: Master Node($PBS_MSHOST):		qnode6108
PBS: node file($PBS_NODEFILE):  /hpc/opt/torque6/nodes/qnode6108/aux//283121.qsched03.quest.it.northwestern.edu
PBS: PATH (in prologue) : /bin:/usr/bin
PBS: WORKDIR ($PBS_O_WORKDIR) is:  /projects/b1011/syr904/MyCodes/PythonCode
----------------------------------------
PBS: End PBS Prologue Wed May 23 22:16:03 CDT 2018 1527131763
893
892
891
890
889
888
887
886
885
884
883
882
881
880
879
878
877
876
875
874
873
872
871
870
869
868
867
866
865
864
863
862
861
860
859
858
857
856
855
854
853
852
851
850
849
848
847
846
845
844
843
842
841
840
839
838
837
836
835
834
833
832
831
830
829
828
827
826
825
824
823
822
821
820
819
818
817
816
815
5.2379265
yes
0.0
862
861
860
859
858
857
856
855
854
853
852
851
850
849
848
847
846
845
844
843
842
841
840
839
838
837
836
835
834
833
832
831
830
829
828
827
826
825
824
823
822
821
820
819
818
817
816
815
814
813
812
811
810
809
808
807
806
805
804
803
802
801
800
799
798
797
796
795
794
793
792
791
790
789
788
5.2290358
yes
1.0
862
861
860
859
858
857
856
855
854
853
852
851
850
849
848
847
846
845
844
843
842
841
840
839
838
837
836
835
834
833
832
831
830
829
828
827
826
825
824
823
822
821
820
819
818
817
816
815
814
813
812
811
810
809
808
807
806
805
804
803
802
801
800
799
798
797
796
795
794
793
792
791
790
789
788
5.2290358
yes
1.0
862
861
860
859
858
857
856
855
854
853
852
851
850
849
848
847
846
845
844
843
842
841
840
839
838
837
836
835
834
833
832
831
830
829
828
827
826
825
824
823
822
821
820
819
818
817
816
815
814
813
812
811
810
809
808
807
806
805
804
803
802
801
800
799
798
797
796
795
794
793
792
791
790
789
788
5.2290358
yes
1.0
862
861
860
859
858
857
856
855
854
853
852
851
850
849
848
847
846
845
844
843
842
841
840
839
838
837
836
835
834
833
832
831
830
829
828
827
826
825
824
823
822
821
820
819
818
817
816
815
814
813
812
811
810
809
808
807
806
805
804
803
802
801
800
799
798
797
796
795
794
793
792
791
790
789
788
5.2290358
yes
1.0
862
861
860
859
858
857
856
855
854
853
852
851
850
849
848
847
846
845
844
843
842
841
840
839
838
837
836
835
834
833
832
831
830
829
828
827
826
825
824
823
822
821
820
819
818
817
816
815
814
813
812
811
810
809
808
807
806
805
804
803
802
801
800
799
798
797
796
795
794
793
792
791
790
789
788
5.2290358
yes
1.0
867
866
865
864
863
862
861
860
859
858
857
856
855
854
853
852
851
850
849
848
847
846
845
844
843
842
841
840
839
838
837
836
835
834
833
832
831
830
829
828
827
826
825
824
823
822
821
820
819
818
817
816
815
814
813
812
811
810
809
808
5.2282253
yes
2.0
1056
1055
1054
1053
1052
1051
1050
1049
1048
1047
1046
1045
1044
1043
1042
1041
1040
1039
1038
1037
1036
1035
1034
1033
1032
1031
1030
1029
1028
1027
1026
1025
1024
1023
1022
1021
1020
1019
1018
1017
1016
1015
1014
1013
1012
1011
1010
1009
1008
1007
1006
1005
1004
1003
1002
1001
1000
999
998
997
996
995
994
993
992
991
990
989
988
987
986
985
984
983
982
981
980
979
978
977
976
975
974
973
972
971
970
969
968
967
966
965
964
963
962
961
960
959
958
5.22761
yes
10.0
127
126
125
124
123
122
121
120
119
5.2500975
yes
13.0
132
131
130
129
128
127
126
125
124
5.2501255
yes
14.0
132
131
130
129
128
127
126
125
124
5.2501255
yes
14.0
101
100
99
98
97
96
95
94
93
5.2500333
yes
15.0
101
100
99
98
97
96
95
94
93
5.2500333
yes
15.0
116
115
114
113
112
111
110
109
108
5.2500227
yes
16.0
105
104
103
102
101
100
99
98
97
96
95
5.250025
yes
17.0
105
104
103
102
101
100
99
98
97
96
95
5.250025
yes
17.0
96
95
94
93
92
91
90
89
88
87
5.2500259
yes
18.0
96
95
94
93
92
91
90
89
88
87
5.2500259
yes
18.0
96
95
94
93
92
91
90
89
88
87
5.2500259
yes
18.0
96
95
94
93
92
91
90
89
88
87
5.2500259
yes
18.0
96
95
94
93
92
91
90
89
88
87
5.2500259
yes
18.0
96
95
94
93
92
91
90
89
88
87
5.2500259
yes
18.0
794
793
792
791
790
789
788
787
786
785
784
783
782
781
780
779
778
777
776
775
774
773
772
771
770
769
768
767
766
765
764
763
762
761
760
759
758
757
756
755
754
5.2500002
yes
19.0
794
793
792
791
790
789
788
787
786
785
784
783
782
781
780
779
778
777
776
775
774
773
772
771
770
769
768
767
766
765
764
763
762
761
760
759
758
757
756
755
754
5.2500002
yes
19.0
794
793
792
791
790
789
788
787
786
785
784
783
782
781
780
779
778
777
776
775
774
773
772
771
770
769
768
767
766
765
764
763
762
761
760
759
758
757
756
755
754
5.2500002
yes
19.0
914
913
912
911
910
909
908
907
906
905
904
903
902
901
900
899
898
897
896
895
894
893
892
891
890
889
888
887
886
885
884
883
882
881
880
879
878
877
876
875
874
873
872
871
870
869
868
867
866
865
864
863
862
861
860
859
858
857
856
855
854
853
852
851
850
849
848
847
846
845
844
843
842
841
840
839
838
837
836
835
834
833
832
831
830
829
828
827
826
825
824
823
822
821
820
819
818
817
816
815
814
813
812
811
810
809
808
807
806
805
804
803
802
801
800
799
798
797
796
795
794
793
792
791
790
789
788
787
786
785
784
783
782
781
780
779
778
777
776
775
774
773
772
771
770
769
768
767
766
765
764
763
762
761
760
759
758
757
756
755
754
753
752
751
750
749
748
747
746
745
744
743
742
741
740
739
738
737
736
735
734
733
732
731
730
729
728
727
726
725
724
723
722
721
720
719
718
717
716
715
714
713
712
711
710
709
708
707
706
705
704
703
702
701
700
699
698
697
696
695
694
693
692
691
690
689
688
687
686
685
684
683
682
681
680
679
678
677
676
675
674
673
672
671
670
669
668
667
666
665
664
663
662
661
660
659
658
657
656
655
654
653
652
651
650
649
648
647
646
645
644
643
642
641
640
639
638
637
636
635
634
633
632
631
630
629
628
627
626
625
624
623
622
621
620
619
618
617
616
615
614
613
612
611
610
609
608
607
606
605
604
603
602
601
600
599
598
597
596
595
594
5.2288444
yes
20.0
914
913
912
911
910
909
908
907
906
905
904
903
902
901
900
899
898
897
896
895
894
893
892
891
890
889
888
887
886
885
884
883
882
881
880
879
878
877
876
875
874
873
872
871
870
869
868
867
866
865
864
863
862
861
860
859
858
857
856
855
854
853
852
851
850
849
848
847
846
845
844
843
842
841
840
839
838
837
836
835
834
833
832
831
830
829
828
827
826
825
824
823
822
821
820
819
818
817
816
815
814
813
812
811
810
809
808
807
806
805
804
803
802
801
800
799
798
797
796
795
794
793
792
791
790
789
788
787
786
785
784
783
782
781
780
779
778
777
776
775
774
773
772
771
770
769
768
767
766
765
764
763
762
761
760
759
758
757
756
755
754
753
752
751
750
749
748
747
746
745
744
743
742
741
740
739
738
737
736
735
734
733
732
731
730
729
728
727
726
725
724
723
722
721
720
719
718
717
716
715
714
713
712
711
710
709
708
707
706
705
704
703
702
701
700
699
698
697
696
695
694
693
692
691
690
689
688
687
686
685
684
683
682
681
680
679
678
677
676
675
674
673
672
671
670
669
668
667
666
665
664
663
662
661
660
659
658
657
656
655
654
653
652
651
650
649
648
647
646
645
644
643
642
641
640
639
638
637
636
635
634
633
632
631
630
629
628
627
626
625
624
623
622
621
620
619
618
617
616
615
614
613
612
611
610
609
608
607
606
605
604
603
602
601
600
599
598
597
596
595
594
5.2288444
yes
20.0
914
913
912
911
910
909
908
907
906
905
904
903
902
901
900
899
898
897
896
895
894
893
892
891
890
889
888
887
886
885
884
883
882
881
880
879
878
877
876
875
874
873
872
871
870
869
868
867
866
865
864
863
862
861
860
859
858
857
856
855
854
853
852
851
850
849
848
847
846
845
844
843
842
841
840
839
838
837
836
835
834
833
832
831
830
829
828
827
826
825
824
823
822
821
820
819
818
817
816
815
814
813
812
811
810
809
808
807
806
805
804
803
802
801
800
799
798
797
796
795
794
793
792
791
790
789
788
787
786
785
784
783
782
781
780
779
778
777
776
775
774
773
772
771
770
769
768
767
766
765
764
763
762
761
760
759
758
757
756
755
754
753
752
751
750
749
748
747
746
745
744
743
742
741
740
739
738
737
736
735
734
733
732
731
730
729
728
727
726
725
724
723
722
721
720
719
718
717
716
715
714
713
712
711
710
709
708
707
706
705
704
703
702
701
700
699
698
697
696
695
694
693
692
691
690
689
688
687
686
685
684
683
682
681
680
679
678
677
676
675
674
673
672
671
670
669
668
667
666
665
664
663
662
661
660
659
658
657
656
655
654
653
652
651
650
649
648
647
646
645
644
643
642
641
640
639
638
637
636
635
634
633
632
631
630
629
628
627
626
625
624
623
622
621
620
619
618
617
616
615
614
613
612
611
610
609
608
607
606
605
604
603
602
601
600
599
598
597
596
595
594
5.2288444
yes
20.0
914
913
912
911
910
909
908
907
906
905
904
903
902
901
900
899
898
897
896
895
894
893
892
891
890
889
888
887
886
885
884
883
882
881
880
879
878
877
876
875
874
873
872
871
870
869
868
867
866
865
864
863
862
861
860
859
858
857
856
855
854
853
852
851
850
849
848
847
846
845
844
843
842
841
840
839
838
837
836
835
834
833
832
831
830
829
828
827
826
825
824
823
822
821
820
819
818
817
816
815
814
813
812
811
810
809
808
807
806
805
804
803
802
801
800
799
798
797
796
795
794
793
792
791
790
789
788
787
786
785
784
783
782
781
780
779
778
777
776
775
774
773
772
771
770
769
768
767
766
765
764
763
762
761
760
759
758
757
756
755
754
753
752
751
750
749
748
747
746
745
744
743
742
741
740
739
738
737
736
735
734
733
732
731
730
729
728
727
726
725
724
723
722
721
720
719
718
717
716
715
714
713
712
711
710
709
708
707
706
705
704
703
702
701
700
699
698
697
696
695
694
693
692
691
690
689
688
687
686
685
684
683
682
681
680
679
678
677
676
675
674
673
672
671
670
669
668
667
666
665
664
663
662
661
660
659
658
657
656
655
654
653
652
651
650
649
648
647
646
645
644
643
642
641
640
639
638
637
636
635
634
633
632
631
630
629
628
627
626
625
624
623
622
621
620
619
618
617
616
615
614
613
612
611
610
609
608
607
606
605
604
603
602
601
600
599
598
597
596
595
594
5.2288444
yes
20.0
914
913
912
911
910
909
908
907
906
905
904
903
902
901
900
899
898
897
896
895
894
893
892
891
890
889
888
887
886
885
884
883
882
881
880
879
878
877
876
875
874
873
872
871
870
869
868
867
866
865
864
863
862
861
860
859
858
857
856
855
854
853
852
851
850
849
848
847
846
845
844
843
842
841
840
839
838
837
836
835
834
833
832
831
830
829
828
827
826
825
824
823
822
821
820
819
818
817
816
815
814
813
812
811
810
809
808
807
806
805
804
803
802
801
800
799
798
797
796
795
794
793
792
791
790
789
788
787
786
785
784
783
782
781
780
779
778
777
776
775
774
773
772
771
770
769
768
767
766
765
764
763
762
761
760
759
758
757
756
755
754
753
752
751
750
749
748
747
746
745
744
743
742
741
740
739
738
737
736
735
734
733
732
731
730
729
728
727
726
725
724
723
722
721
720
719
718
717
716
715
714
713
712
711
710
709
708
707
706
705
704
703
702
701
700
699
698
697
696
695
694
693
692
691
690
689
688
687
686
685
684
683
682
681
680
679
678
677
676
675
674
673
672
671
670
669
668
667
666
665
664
663
662
661
660
659
658
657
656
655
654
653
652
651
650
649
648
647
646
645
644
643
642
641
640
639
638
637
636
635
634
633
632
631
630
629
628
627
626
625
624
623
622
621
620
619
618
617
616
615
614
613
612
611
610
609
608
607
606
605
604
603
602
601
600
599
598
597
596
595
594
5.2288444
yes
20.0
914
913
912
911
910
909
908
907
906
905
904
903
902
901
900
899
898
897
896
895
894
893
892
891
890
889
888
887
886
885
884
883
882
881
880
879
878
877
876
875
874
873
872
871
870
869
868
867
866
865
864
863
862
861
860
859
858
857
856
855
854
853
852
851
850
849
848
847
846
845
844
843
842
841
840
839
838
837
836
835
834
833
832
831
830
829
828
827
826
825
824
823
822
821
820
819
818
817
816
815
814
813
812
811
810
809
808
807
806
805
804
803
802
801
800
799
798
797
796
795
794
793
792
791
790
789
788
787
786
785
784
783
782
781
780
779
778
777
776
775
774
773
772
771
770
769
768
767
766
765
764
763
762
761
760
759
758
757
756
755
754
753
752
751
750
749
748
747
746
745
744
743
742
741
740
739
738
737
736
735
734
733
732
731
730
729
728
727
726
725
724
723
722
721
720
719
718
717
716
715
714
713
712
711
710
709
708
707
706
705
704
703
702
701
700
699
698
697
696
695
694
693
692
691
690
689
688
687
686
685
684
683
682
681
680
679
678
677
676
675
674
673
672
671
670
669
668
667
666
665
664
663
662
661
660
659
658
657
656
655
654
653
652
651
650
649
648
647
646
645
644
643
642
641
640
639
638
637
636
635
634
633
632
631
630
629
628
627
626
625
624
623
622
621
620
619
618
617
616
615
614
613
612
611
610
609
608
607
606
605
604
603
602
601
600
599
598
597
596
595
594
5.2288444
yes
20.0
914
913
912
911
910
909
908
907
906
905
904
903
902
901
900
899
898
897
896
895
894
893
892
891
890
889
888
887
886
885
884
883
882
881
880
879
878
877
876
875
874
873
872
871
870
869
868
867
866
865
864
863
862
861
860
859
858
857
856
855
854
853
852
851
850
849
848
847
846
845
844
843
842
841
840
839
838
837
836
835
834
833
832
831
830
829
828
827
826
825
824
823
822
821
820
819
818
817
816
815
814
813
812
811
810
809
808
807
806
805
804
803
802
801
800
799
798
797
796
795
794
793
792
791
790
789
788
787
786
785
784
783
782
781
780
779
778
777
776
775
774
773
772
771
770
769
768
767
766
765
764
763
762
761
760
759
758
757
756
755
754
753
752
751
750
749
748
747
746
745
744
743
742
741
740
739
738
737
736
735
734
733
732
731
730
729
728
727
726
725
724
723
722
721
720
719
718
717
716
715
714
713
712
711
710
709
708
707
706
705
704
703
702
701
700
699
698
697
696
695
694
693
692
691
690
689
688
687
686
685
684
683
682
681
680
679
678
677
676
675
674
673
672
671
670
669
668
667
666
665
664
663
662
661
660
659
658
657
656
655
654
653
652
651
650
649
648
647
646
645
644
643
642
641
640
639
638
637
636
635
634
633
632
631
630
629
628
627
626
625
624
623
622
621
620
619
618
617
616
615
614
613
612
611
610
609
608
607
606
605
604
603
602
601
600
599
598
597
596
595
594
5.2288444
yes
20.0
914
913
912
911
910
909
908
907
906
905
904
903
902
901
900
899
898
897
896
895
894
893
892
891
890
889
888
887
886
885
884
883
882
881
880
879
878
877
876
875
874
873
872
871
870
869
868
867
866
865
864
863
862
861
860
859
858
857
856
855
854
853
852
851
850
849
848
847
846
845
844
843
842
841
840
839
838
837
836
835
834
833
832
831
830
829
828
827
826
825
824
823
822
821
820
819
818
817
816
815
814
813
812
811
810
809
808
807
806
805
804
803
802
801
800
799
798
797
796
795
794
793
792
791
790
789
788
787
786
785
784
783
782
781
780
779
778
777
776
775
774
773
772
771
770
769
768
767
766
765
764
763
762
761
760
759
758
757
756
755
754
753
752
751
750
749
748
747
746
745
744
743
742
741
740
739
738
737
736
735
734
733
732
731
730
729
728
727
726
725
724
723
722
721
720
719
718
717
716
715
714
713
712
711
710
709
708
707
706
705
704
703
702
701
700
699
698
697
696
695
694
693
692
691
690
689
688
687
686
685
684
683
682
681
680
679
678
677
676
675
674
673
672
671
670
669
668
667
666
665
664
663
662
661
660
659
658
657
656
655
654
653
652
651
650
649
648
647
646
645
644
643
642
641
640
639
638
637
636
635
634
633
632
631
630
629
628
627
626
625
624
623
622
621
620
619
618
617
616
615
614
613
612
611
610
609
608
607
606
605
604
603
602
601
600
599
598
597
596
595
594
5.2288444
yes
20.0
914
913
912
911
910
909
908
907
906
905
904
903
902
901
900
899
898
897
896
895
894
893
892
891
890
889
888
887
886
885
884
883
882
881
880
879
878
877
876
875
874
873
872
871
870
869
868
867
866
865
864
863
862
861
860
859
858
857
856
855
854
853
852
851
850
849
848
847
846
845
844
843
842
841
840
839
838
837
836
835
834
833
832
831
830
829
828
827
826
825
824
823
822
821
820
819
818
817
816
815
814
813
812
811
810
809
808
807
806
805
804
803
802
801
800
799
798
797
796
795
794
793
792
791
790
789
788
787
786
785
784
783
782
781
780
779
778
777
776
775
774
773
772
771
770
769
768
767
766
765
764
763
762
761
760
759
758
757
756
755
754
753
752
751
750
749
748
747
746
745
744
743
742
741
740
739
738
737
736
735
734
733
732
731
730
729
728
727
726
725
724
723
722
721
720
719
718
717
716
715
714
713
712
711
710
709
708
707
706
705
704
703
702
701
700
699
698
697
696
695
694
693
692
691
690
689
688
687
686
685
684
683
682
681
680
679
678
677
676
675
674
673
672
671
670
669
668
667
666
665
664
663
662
661
660
659
658
657
656
655
654
653
652
651
650
649
648
647
646
645
644
643
642
641
640
639
638
637
636
635
634
633
632
631
630
629
628
627
626
625
624
623
622
621
620
619
618
617
616
615
614
613
612
611
610
609
608
607
606
605
604
603
602
601
600
599
598
597
596
595
594
5.2288444
yes
20.0
914
913
912
911
910
909
908
907
906
905
904
903
902
901
900
899
898
897
896
895
894
893
892
891
890
889
888
887
886
885
884
883
882
881
880
879
878
877
876
875
874
873
872
871
870
869
868
867
866
865
864
863
862
861
860
859
858
857
856
855
854
853
852
851
850
849
848
847
846
845
844
843
842
841
840
839
838
837
836
835
834
833
832
831
830
829
828
827
826
825
824
823
822
821
820
819
818
817
816
815
814
813
812
811
810
809
808
807
806
805
804
803
802
801
800
799
798
797
796
795
794
793
792
791
790
789
788
787
786
785
784
783
782
781
780
779
778
777
776
775
774
773
772
771
770
769
768
767
766
765
764
763
762
761
760
759
758
757
756
755
754
753
752
751
750
749
748
747
746
745
744
743
742
741
740
739
738
737
736
735
734
733
732
731
730
729
728
727
726
725
724
723
722
721
720
719
718
717
716
715
714
713
712
711
710
709
708
707
706
705
704
703
702
701
700
699
698
697
696
695
694
693
692
691
690
689
688
687
686
685
684
683
682
681
680
679
678
677
676
675
674
673
672
671
670
669
668
667
666
665
664
663
662
661
660
659
658
657
656
655
654
653
652
651
650
649
648
647
646
645
644
643
642
641
640
639
638
637
636
635
634
633
632
631
630
629
628
627
626
625
624
623
622
621
620
619
618
617
616
615
614
613
612
611
610
609
608
607
606
605
604
603
602
601
600
599
598
597
596
595
594
5.2288444
yes
20.0
914
913
912
911
910
909
908
907
906
905
904
903
902
901
900
899
898
897
896
895
894
893
892
891
890
889
888
887
886
885
884
883
882
881
880
879
878
877
876
875
874
873
872
871
870
869
868
867
866
865
864
863
862
861
860
859
858
857
856
855
854
853
852
851
850
849
848
847
846
845
844
843
842
841
840
839
838
837
836
835
834
833
832
831
830
829
828
827
826
825
824
823
822
821
820
819
818
817
816
815
814
813
812
811
810
809
808
807
806
805
804
803
802
801
800
799
798
797
796
795
794
793
792
791
790
789
788
787
786
785
784
783
782
781
780
779
778
777
776
775
774
773
772
771
770
769
768
767
766
765
764
763
762
761
760
759
758
757
756
755
754
753
752
751
750
749
748
747
746
745
744
743
742
741
740
739
738
737
736
735
734
733
732
731
730
729
728
727
726
725
724
723
722
721
720
719
718
717
716
715
714
713
712
711
710
709
708
707
706
705
704
703
702
701
700
699
698
697
696
695
694
693
692
691
690
689
688
687
686
685
684
683
682
681
680
679
678
677
676
675
674
673
672
671
670
669
668
667
666
665
664
663
662
661
660
659
658
657
656
655
654
653
652
651
650
649
648
647
646
645
644
643
642
641
640
639
638
637
636
635
634
633
632
631
630
629
628
627
626
625
624
623
622
621
620
619
618
617
616
615
614
613
612
611
610
609
608
607
606
605
604
603
602
601
600
599
598
597
596
595
594
5.2288444
yes
20.0
290
289
288
287
286
285
284
283
282
281
280
279
278
277
276
275
274
273
272
271
270
269
268
267
266
265
264
263
262
261
260
259
258
257
256
255
254
253
252
251
5.2500211
yes
21.0
290
289
288
287
286
285
284
283
282
281
280
279
278
277
276
275
274
273
272
271
270
269
268
267
266
265
264
263
262
261
260
259
258
257
256
255
254
253
252
251
5.2500211
yes
21.0
290
289
288
287
286
285
284
283
282
281
280
279
278
277
276
275
274
273
272
271
270
269
268
267
266
265
264
263
262
261
260
259
258
257
256
255
254
253
252
251
5.2500211
yes
21.0
290
289
288
287
286
285
284
283
282
281
280
279
278
277
276
275
274
273
272
271
270
269
268
267
266
265
264
263
262
261
260
259
258
257
256
255
254
253
252
251
5.2500211
----------------------------------------
PBS job ended
Begin PBS Epilogue Wed May 23 22:39:21 CDT 2018 1527133161
JobID: 283121.qsched03.quest.it.northwestern.edu
Session ID:			31739
Resources Used:			cput=00:20:39,vmem=4765288kb,walltime=00:23:08,mem=2949836kb,energy_used=0
Job exit value:			1
----------------------------------------
